2024-05-29 10:10:42 ERROR o.h.hql.internal.ast.ErrorTracker - line 1:48: unexpected token: nom
2024-05-29 10:10:42 ERROR o.h.hql.internal.ast.ErrorTracker - line 1:48: unexpected token: nom
antlr.NoViableAltException: unexpected token: nom
	at org.hibernate.hql.internal.antlr.HqlBaseParser.primaryExpression(HqlBaseParser.java:1119)
	at org.hibernate.hql.internal.antlr.HqlBaseParser.atom(HqlBaseParser.java:3960)
	at org.hibernate.hql.internal.antlr.HqlBaseParser.unaryExpression(HqlBaseParser.java:3891)
	at org.hibernate.hql.internal.antlr.HqlBaseParser.multiplyExpression(HqlBaseParser.java:3767)
	at org.hibernate.hql.internal.antlr.HqlBaseParser.additiveExpression(HqlBaseParser.java:3393)
	at org.hibernate.hql.internal.antlr.HqlBaseParser.concatenation(HqlBaseParser.java:682)
	at org.hibernate.hql.internal.antlr.HqlBaseParser.relationalExpression(HqlBaseParser.java:2998)
	at org.hibernate.hql.internal.antlr.HqlBaseParser.equalityExpression(HqlBaseParser.java:2824)
	at org.hibernate.hql.internal.antlr.HqlBaseParser.negatedExpression(HqlBaseParser.java:2783)
	at org.hibernate.hql.internal.antlr.HqlBaseParser.logicalAndExpression(HqlBaseParser.java:2693)
	at org.hibernate.hql.internal.antlr.HqlBaseParser.logicalOrExpression(HqlBaseParser.java:2653)
	at org.hibernate.hql.internal.antlr.HqlBaseParser.expression(HqlBaseParser.java:2331)
	at org.hibernate.hql.internal.antlr.HqlBaseParser.logicalExpression(HqlBaseParser.java:2079)
	at org.hibernate.hql.internal.antlr.HqlBaseParser.whereClause(HqlBaseParser.java:540)
	at org.hibernate.hql.internal.antlr.HqlBaseParser.queryRule(HqlBaseParser.java:831)
	at org.hibernate.hql.internal.antlr.HqlBaseParser.selectStatement(HqlBaseParser.java:336)
	at org.hibernate.hql.internal.antlr.HqlBaseParser.statement(HqlBaseParser.java:200)
	at org.hibernate.hql.internal.ast.QueryTranslatorImpl.parse(QueryTranslatorImpl.java:294)
	at org.hibernate.hql.internal.ast.QueryTranslatorImpl.doCompile(QueryTranslatorImpl.java:189)
	at org.hibernate.hql.internal.ast.QueryTranslatorImpl.compile(QueryTranslatorImpl.java:144)
	at org.hibernate.engine.query.spi.HQLQueryPlan.<init>(HQLQueryPlan.java:113)
	at org.hibernate.engine.query.spi.HQLQueryPlan.<init>(HQLQueryPlan.java:73)
	at org.hibernate.engine.query.spi.QueryPlanCache.getHQLQueryPlan(QueryPlanCache.java:162)
	at org.hibernate.query.spi.NamedQueryRepository.checkNamedQueries(NamedQueryRepository.java:177)
	at org.hibernate.internal.SessionFactoryImpl.checkNamedQueries(SessionFactoryImpl.java:597)
	at org.hibernate.internal.SessionFactoryImpl.<init>(SessionFactoryImpl.java:346)
	at org.hibernate.boot.internal.SessionFactoryBuilderImpl.build(SessionFactoryBuilderImpl.java:471)
	at org.hibernate.cfg.Configuration.buildSessionFactory(Configuration.java:728)
	at org.hibernate.cfg.Configuration.buildSessionFactory(Configuration.java:746)
	at org.librairie.HibernateUtil.<clinit>(HibernateUtil.java:11)
	at org.librairie.model.dao.EcrivainDao.getEcrivainByName(EcrivainDao.java:100)
	at org.librairie.Main.main(Main.java:41)
2024-05-29 10:10:42 ERROR o.h.hql.internal.ast.ErrorTracker - line 1:52: unexpected token: nom
2024-05-29 10:10:42 ERROR o.h.hql.internal.ast.ErrorTracker - line 1:52: unexpected token: nom
antlr.NoViableAltException: unexpected token: nom
	at org.hibernate.hql.internal.antlr.HqlBaseParser.queryRule(HqlBaseParser.java:864)
	at org.hibernate.hql.internal.antlr.HqlBaseParser.selectStatement(HqlBaseParser.java:336)
	at org.hibernate.hql.internal.antlr.HqlBaseParser.statement(HqlBaseParser.java:200)
	at org.hibernate.hql.internal.ast.QueryTranslatorImpl.parse(QueryTranslatorImpl.java:294)
	at org.hibernate.hql.internal.ast.QueryTranslatorImpl.doCompile(QueryTranslatorImpl.java:189)
	at org.hibernate.hql.internal.ast.QueryTranslatorImpl.compile(QueryTranslatorImpl.java:144)
	at org.hibernate.engine.query.spi.HQLQueryPlan.<init>(HQLQueryPlan.java:113)
	at org.hibernate.engine.query.spi.HQLQueryPlan.<init>(HQLQueryPlan.java:73)
	at org.hibernate.engine.query.spi.QueryPlanCache.getHQLQueryPlan(QueryPlanCache.java:162)
	at org.hibernate.query.spi.NamedQueryRepository.checkNamedQueries(NamedQueryRepository.java:177)
	at org.hibernate.internal.SessionFactoryImpl.checkNamedQueries(SessionFactoryImpl.java:597)
	at org.hibernate.internal.SessionFactoryImpl.<init>(SessionFactoryImpl.java:346)
	at org.hibernate.boot.internal.SessionFactoryBuilderImpl.build(SessionFactoryBuilderImpl.java:471)
	at org.hibernate.cfg.Configuration.buildSessionFactory(Configuration.java:728)
	at org.hibernate.cfg.Configuration.buildSessionFactory(Configuration.java:746)
	at org.librairie.HibernateUtil.<clinit>(HibernateUtil.java:11)
	at org.librairie.model.dao.EcrivainDao.getEcrivainByName(EcrivainDao.java:100)
	at org.librairie.Main.main(Main.java:41)
2024-05-29 10:10:42 ERROR o.h.internal.SessionFactoryImpl - HHH000177: Error in named query: by_nom
org.hibernate.hql.internal.ast.QuerySyntaxException: unexpected token: nom near line 1, column 48 [from org.librairie.model.entity.Ecrivain where nom:nom]
	at org.hibernate.hql.internal.ast.QuerySyntaxException.convert(QuerySyntaxException.java:74)
	at org.hibernate.hql.internal.ast.ErrorTracker.throwQueryException(ErrorTracker.java:93)
	at org.hibernate.hql.internal.ast.QueryTranslatorImpl.parse(QueryTranslatorImpl.java:301)
	at org.hibernate.hql.internal.ast.QueryTranslatorImpl.doCompile(QueryTranslatorImpl.java:189)
	at org.hibernate.hql.internal.ast.QueryTranslatorImpl.compile(QueryTranslatorImpl.java:144)
	at org.hibernate.engine.query.spi.HQLQueryPlan.<init>(HQLQueryPlan.java:113)
	at org.hibernate.engine.query.spi.HQLQueryPlan.<init>(HQLQueryPlan.java:73)
	at org.hibernate.engine.query.spi.QueryPlanCache.getHQLQueryPlan(QueryPlanCache.java:162)
	at org.hibernate.query.spi.NamedQueryRepository.checkNamedQueries(NamedQueryRepository.java:177)
	at org.hibernate.internal.SessionFactoryImpl.checkNamedQueries(SessionFactoryImpl.java:597)
	at org.hibernate.internal.SessionFactoryImpl.<init>(SessionFactoryImpl.java:346)
	at org.hibernate.boot.internal.SessionFactoryBuilderImpl.build(SessionFactoryBuilderImpl.java:471)
	at org.hibernate.cfg.Configuration.buildSessionFactory(Configuration.java:728)
	at org.hibernate.cfg.Configuration.buildSessionFactory(Configuration.java:746)
	at org.librairie.HibernateUtil.<clinit>(HibernateUtil.java:11)
	at org.librairie.model.dao.EcrivainDao.getEcrivainByName(EcrivainDao.java:100)
	at org.librairie.Main.main(Main.java:41)
